#
# There is insufficient memory for the Java Runtime Environment to continue.
# Native memory allocation (mmap) failed to map 266338304 bytes for G1 virtual space
# Possible reasons:
#   The system is out of physical RAM or swap space
#   The process is running with CompressedOops enabled, and the Java Heap may be blocking the growth of the native heap
# Possible solutions:
#   Reduce memory load on the system
#   Increase physical memory or swap space
#   Check if swap backing store is full
#   Decrease Java heap size (-Xmx/-Xms)
#   Decrease number of Java threads
#   Decrease Java thread stack sizes (-Xss)
#   Set larger code cache with -XX:ReservedCodeCacheSize=
#   JVM is running with Zero Based Compressed Oops mode in which the Java heap is
#     placed in the first 32GB address space. The Java Heap base address is the
#     maximum limit for the native heap growth. Please use -XX:HeapBaseMinAddress
#     to set the Java Heap base and to place the Java Heap above 32GB virtual address.
# This output file may be truncated or incomplete.
#
#  Out of Memory Error (./open/src/hotspot/os/windows/os_windows.cpp:3321), pid=23580, tid=27916
#
# JRE version:  (15.0.2+7) (build )
# Java VM: Java HotSpot(TM) 64-Bit Server VM (15.0.2+7-27, mixed mode, sharing, tiered, compressed oops, g1 gc, windows-amd64)
# No core dump will be written. Minidumps are not enabled by default on client versions of Windows
#

---------------  S U M M A R Y ------------

Command Line: -Dfile.encoding=Cp1252 --enable-preview -XX:+ShowCodeDetailsInExceptionMessages apps.Console

Host: Intel(R) Core(TM) i7-8550U CPU @ 1.80GHz, 8 cores, 15G,  Windows 10 , 64 bit Build 19041 (10.0.19041.804)
Time: Fri Mar 19 10:44:57 2021 Eastern Daylight Time elapsed time: 0.018754 seconds (0d 0h 0m 0s)

---------------  T H R E A D  ---------------

Current thread (0x0000020824280a70):  JavaThread "Unknown thread" [_thread_in_vm, id=27916, stack(0x0000008671700000,0x0000008671800000)]

Stack: [0x0000008671700000,0x0000008671800000]
Native frames: (J=compiled Java code, j=interpreted, Vv=VM code, C=native code)
V  [jvm.dll+0x62ae9a]
V  [jvm.dll+0x7817a9]
V  [jvm.dll+0x782f03]
V  [jvm.dll+0x783563]
V  [jvm.dll+0x216325]
V  [jvm.dll+0x6281d9]
V  [jvm.dll+0x61cf55]
V  [jvm.dll+0x2cffdd]
V  [jvm.dll+0x2cfe42]
V  [jvm.dll+0x2d5e1c]
V  [jvm.dll+0x32590a]
V  [jvm.dll+0x324fd4]
V  [jvm.dll+0x2a6f5a]
V  [jvm.dll+0x2a80f8]
V  [jvm.dll+0x75e241]
V  [jvm.dll+0x3341c4]
V  [jvm.dll+0x73e926]
V  [jvm.dll+0x3b7557]
V  [jvm.dll+0x3b8fe1]
C  [jli.dll+0x52fb]
C  [ucrtbase.dll+0x21bb2]
C  [KERNEL32.DLL+0x17034]
C  [ntdll.dll+0x52651]


---------------  P R O C E S S  ---------------

Threads class SMR info:
_java_thread_list=0x00007ffd13aa4ff0, length=0, elements={
}

Java Threads: ( => current thread )

Other Threads:
  0x00000208242d1240 GCTaskThread "GC Thread#0" [stack: 0x0000008671800000,0x0000008671900000] [id=26192]
  0x00000208242e3120 ConcurrentGCThread "G1 Main Marker" [stack: 0x0000008671900000,0x0000008671a00000] [id=26220]
  0x00000208242e44b0 ConcurrentGCThread "G1 Conc#0" [stack: 0x0000008671a00000,0x0000008671b00000] [id=10724]

[error occurred during error reporting (printing all threads), id 0xc0000005, EXCEPTION_ACCESS_VIOLATION (0xc0000005) at pc=0x00007ffd13297e27]

VM state: not at safepoint (not fully initialized)

VM Mutex/Monitor currently owned by a thread:  ([mutex/lock_event])
[0x000002082427c770] Heap_lock - owner thread: 0x0000020824280a70

Heap address: 0x0000000702800000, size: 4056 MB, Compressed Oops mode: Zero based, Oop shift amount: 3
CDS archive(s) mapped at: [0x0000000000000000-0x0000000000000000-0x0000000000000000), size 0, SharedBaseAddress: 0x0000000800000000, ArchiveRelocationMode: 0.
Narrow klass base: 0x0000000000000000, Narrow klass shift: 0, Narrow klass range: 0x0

Heap:
 garbage-first heap   total 260096K, used 0K [0x0000000702800000, 0x0000000800000000)
  region size 2048K, 0 young (0K), 0 survivors (0K)
 Metaspace       used 0K, capacity 0K, committed 0K, reserved 0K
  class space    used 0K, capacity 0K, committed 0K, reserved 0K

Heap Regions: E=young(eden), S=young(survivor), O=old, HS=humongous(starts), HC=humongous(continues), CS=collection set, F=free, OA=open archive, CA=closed archive, TAMS=top-at-mark-start (previous, next)

Card table byte_map: [0x000002083bfe0000,0x000002083c7d0000] _byte_map_base: 0x00000208387cc000

Marking Bits (Prev, Next): (CMBitMap*) 0x00000208242d2a40, (CMBitMap*) 0x00000208242d2a80
 Prev Bits: [0x000002083cfc0000, 0x0000020840f20000)
 Next Bits: [0x0000020840f20000, 0x0000020844e80000)

GC Heap History (0 events):
No events

Deoptimization events (0 events):
No events

Classes unloaded (0 events):
No events

Classes redefined (0 events):
No events

Internal exceptions (0 events):
No events

Events (1 events):
Event: 0.006 Loaded shared library C:\Program Files\Java\jdk-15.0.2\bin\java.dll


Dynamic libraries:
0x00007ff714140000 - 0x00007ff71414f000 	C:\Program Files\Java\jdk-15.0.2\bin\javaw.exe
0x00007ffd50eb0000 - 0x00007ffd510a5000 	C:\WINDOWS\SYSTEM32\ntdll.dll
0x00007ffd50db0000 - 0x00007ffd50e6d000 	C:\WINDOWS\System32\KERNEL32.DLL
0x00007ffd4e770000 - 0x00007ffd4ea39000 	C:\WINDOWS\System32\KERNELBASE.dll
0x00007ffd4e670000 - 0x00007ffd4e770000 	C:\WINDOWS\System32\ucrtbase.dll
0x00007ffd475a0000 - 0x00007ffd475b8000 	C:\Program Files\Java\jdk-15.0.2\bin\jli.dll
0x00007ffd474e0000 - 0x00007ffd474f9000 	C:\Program Files\Java\jdk-15.0.2\bin\VCRUNTIME140.dll
0x00007ffd4ef10000 - 0x00007ffd4efbc000 	C:\WINDOWS\System32\ADVAPI32.dll
0x00007ffd50920000 - 0x00007ffd509be000 	C:\WINDOWS\System32\msvcrt.dll
0x00007ffd4efc0000 - 0x00007ffd4f05c000 	C:\WINDOWS\System32\sechost.dll
0x00007ffd50c80000 - 0x00007ffd50dab000 	C:\WINDOWS\System32\RPCRT4.dll
0x00007ffd50a70000 - 0x00007ffd50c10000 	C:\WINDOWS\System32\USER32.dll
0x00007ffd4e640000 - 0x00007ffd4e662000 	C:\WINDOWS\System32\win32u.dll
0x00007ffd50050000 - 0x00007ffd5007a000 	C:\WINDOWS\System32\GDI32.dll
0x00007ffd4eb80000 - 0x00007ffd4ec8b000 	C:\WINDOWS\System32\gdi32full.dll
0x00007ffd30220000 - 0x00007ffd304ba000 	C:\WINDOWS\WinSxS\amd64_microsoft.windows.common-controls_6595b64144ccf1df_6.0.19041.844_none_ca00b6081b84eb1d\COMCTL32.dll
0x00007ffd4ec90000 - 0x00007ffd4ed2d000 	C:\WINDOWS\System32\msvcp_win.dll
0x00007ffd482e0000 - 0x00007ffd482ea000 	C:\WINDOWS\SYSTEM32\VERSION.dll
0x00007ffd4f170000 - 0x00007ffd4f1a0000 	C:\WINDOWS\System32\IMM32.DLL
0x00007ffd48990000 - 0x00007ffd4899c000 	C:\Program Files\Java\jdk-15.0.2\bin\vcruntime140_1.dll
0x00007ffd457b0000 - 0x00007ffd45841000 	C:\Program Files\Java\jdk-15.0.2\bin\msvcp140.dll
0x00007ffd12fe0000 - 0x00007ffd13b3e000 	C:\Program Files\Java\jdk-15.0.2\bin\server\jvm.dll
0x00007ffd4fe90000 - 0x00007ffd4fe98000 	C:\WINDOWS\System32\PSAPI.DLL
0x00007ffd3ce70000 - 0x00007ffd3ce79000 	C:\WINDOWS\SYSTEM32\WSOCK32.dll
0x00007ffd3a930000 - 0x00007ffd3a957000 	C:\WINDOWS\SYSTEM32\WINMM.dll
0x00007ffd50700000 - 0x00007ffd5076b000 	C:\WINDOWS\System32\WS2_32.dll
0x00007ffd4cf20000 - 0x00007ffd4cf32000 	C:\WINDOWS\SYSTEM32\kernel.appcore.dll
0x00007ffd48950000 - 0x00007ffd4895a000 	C:\Program Files\Java\jdk-15.0.2\bin\jimage.dll
0x00007ffd4c440000 - 0x00007ffd4c624000 	C:\WINDOWS\SYSTEM32\DBGHELP.DLL
0x00007ffd45d70000 - 0x00007ffd45d9c000 	C:\WINDOWS\SYSTEM32\dbgcore.DLL
0x00007ffd4ed30000 - 0x00007ffd4edb0000 	C:\WINDOWS\System32\bcryptPrimitives.dll
0x00007ffd46c50000 - 0x00007ffd46c75000 	C:\Program Files\Java\jdk-15.0.2\bin\java.dll

dbghelp: loaded successfully - version: 4.0.5 - missing functions: none
symbol engine: initialized successfully - sym options: 0x614 - pdb path: .;C:\Program Files\Java\jdk-15.0.2\bin;C:\WINDOWS\SYSTEM32;C:\WINDOWS\WinSxS\amd64_microsoft.windows.common-controls_6595b64144ccf1df_6.0.19041.844_none_ca00b6081b84eb1d;C:\Program Files\Java\jdk-15.0.2\bin\server

VM Arguments:
jvm_args: -Dfile.encoding=Cp1252 --enable-preview -XX:+ShowCodeDetailsInExceptionMessages 
java_command: apps.Console
java_class_path (initial): C:\Users\kkumi\git\cs210-kylekuminkoski\bin\main;C:\Users\kkumi\.gradle\caches\modules-2\files-2.1\jakarta.json\jakarta.json-api\2.0.0\8612c1355bb31b31f829c81917fe30dea06fc726\jakarta.json-api-2.0.0.jar;C:\Users\kkumi\.gradle\caches\modules-2\files-2.1\org.glassfish\jakarta.json\2.0.0\4c4a7c5cdcc038c2da2901f35fd8b27c27ffea20\jakarta.json-2.0.0.jar
Launcher Type: SUN_STANDARD

[Global flags]
     intx CICompilerCount                          = 4                                         {product} {ergonomic}
     uint ConcGCThreads                            = 2                                         {product} {ergonomic}
     uint G1ConcRefinementThreads                  = 8                                         {product} {ergonomic}
   size_t G1HeapRegionSize                         = 2097152                                   {product} {ergonomic}
    uintx GCDrainStackTargetSize                   = 64                                        {product} {ergonomic}
   size_t InitialHeapSize                          = 266338304                                 {product} {ergonomic}
   size_t MarkStackSize                            = 4194304                                   {product} {ergonomic}
   size_t MaxHeapSize                              = 4253024256                                {product} {ergonomic}
   size_t MinHeapDeltaBytes                        = 2097152                                   {product} {ergonomic}
   size_t MinHeapSize                              = 8388608                                   {product} {ergonomic}
    uintx NonNMethodCodeHeapSize                   = 5839372                                {pd product} {ergonomic}
    uintx NonProfiledCodeHeapSize                  = 122909434                              {pd product} {ergonomic}
    uintx ProfiledCodeHeapSize                     = 122909434                              {pd product} {ergonomic}
    uintx ReservedCodeCacheSize                    = 251658240                              {pd product} {ergonomic}
     bool SegmentedCodeCache                       = true                                      {product} {ergonomic}
     bool ShowCodeDetailsInExceptionMessages       = true                                   {manageable} {command line}
   size_t SoftMaxHeapSize                          = 4253024256                             {manageable} {ergonomic}
     bool UseCompressedClassPointers               = true                                 {lp64_product} {ergonomic}
     bool UseCompressedOops                        = true                                 {lp64_product} {ergonomic}
     bool UseG1GC                                  = true                                      {product} {ergonomic}
     bool UseLargePagesIndividualAllocation        = false                                  {pd product} {ergonomic}

Logging:
Log output configuration:
 #0: stdout all=warning uptime,level,tags
 #1: stderr all=off uptime,level,tags

Environment Variables:
JAVA_HOME=C:\Program Files\Java\jdk-15.0.2
PATH=C:\Program Files\Common Files\Oracle\Java\javapath;C:\Program Files\Java\jdk-11.0.2\bin;C:\Program Files (x86)\Common Files\Oracle\Java\javapath;C:\Program Files (x86)\Intel\Intel(R) Management Engine Components\iCLS\;C:\Program Files\Intel\Intel(R) Management Engine Components\iCLS\;C:\Windows\system32;C:\Windows;C:\Windows\System32\Wbem;C:\Windows\System32\WindowsPowerShell\v1.0\;C:\Program Files (x86)\Intel\Intel(R) Management Engine Components\DAL;C:\Program Files\Intel\Intel(R) Management Engine Components\DAL;C:\Program Files (x86)\Intel\Intel(R) Management Engine Components\IPT;C:\Program Files\Intel\Intel(R) Management Engine Components\IPT;C:\Program Files (x86)\NVIDIA Corporation\PhysX\Common;C:\WINDOWS\system32;C:\WINDOWS;C:\WINDOWS\System32\Wbem;C:\WINDOWS\System32\WindowsPowerShell\v1.0\;C:\WINDOWS\System32\OpenSSH\;C:\Program Files\PuTTY\;C:\Program Files\MATLAB\R2019a\bin;C:\Program Files\Intel\WiFi\bin\;C:\Program Files\Common Files\Intel\WirelessCommon\;C:\Program Files (x86)\Sennheiser\SoftphoneSDK\;C:\Program Files (x86)\HP\IdrsOCR_15.2.10.1114\;C:\Program Files\dotnet\;C:\Program Files\Microsoft SQL Server\130\Tools\Binn\;C:\Program Files\Microsoft SQL Server\Client SDK\ODBC\170\Tools\Binn\;C:\Program Files\Java\jdk-15.0.2\bin;C:\Users\kkumi\AppData\Local\Microsoft\WindowsApps;C:\Users\kkumi\.dotnet\tools
USERNAME=kkumi
OS=Windows_NT
PROCESSOR_IDENTIFIER=Intel64 Family 6 Model 142 Stepping 10, GenuineIntel



---------------  S Y S T E M  ---------------

OS:
 Windows 10 , 64 bit Build 19041 (10.0.19041.804)
OS uptime: 6 days 9:29 hours

CPU: total 8 (initial active 8) (4 cores per cpu, 2 threads per core) family 6 model 142 stepping 10 microcode 0xb4, cmov, cx8, fxsr, mmx, sse, sse2, sse3, ssse3, sse4.1, sse4.2, popcnt, vzeroupper, avx, avx2, aes, clmul, erms, 3dnowpref, lzcnt, ht, tsc, tscinvbit, bmi1, bmi2, adx, fma, clflush, clflushopt

Memory: 4k page, system-wide physical 16217M (6670M free)
TotalPageFile size 30062M (AvailPageFile size 244M)
current process WorkingSet (physical memory assigned to process): 10M, peak: 10M
current process commit charge ("private bytes"): 60M, peak: 314M

vm_info: Java HotSpot(TM) 64-Bit Server VM (15.0.2+7-27) for windows-amd64 JRE (15.0.2+7-27), built on Dec  7 2020 20:07:01 by "mach5one" with unknown MS VC++:1925

END.
